[debug] [2021-05-24T06:21:58.522Z] ----------------------------------------------------------------------
[debug] [2021-05-24T06:21:58.524Z] Command:       C:\Program Files (x86)\nodejs\node.exe C:\Users\DELL\AppData\Roaming\npm\node_modules\firebase-tools\lib\bin\firebase.js deploy
[debug] [2021-05-24T06:21:58.525Z] CLI Version:   9.11.0
[debug] [2021-05-24T06:21:58.525Z] Platform:      win32
[debug] [2021-05-24T06:21:58.525Z] Node Version:  v14.16.1
[debug] [2021-05-24T06:21:58.530Z] Time:          Mon May 24 2021 11:51:58 GMT+0530 (India Standard Time)
[debug] [2021-05-24T06:21:58.530Z] ----------------------------------------------------------------------
[debug] 
[debug] [2021-05-24T06:21:58.538Z] > command requires scopes: ["email","openid","https://www.googleapis.com/auth/cloudplatformprojects.readonly","https://www.googleapis.com/auth/firebase","https://www.googleapis.com/auth/cloud-platform"]
[debug] [2021-05-24T06:21:58.538Z] > authorizing via signed-in user (gankur860@gmail.com)
[debug] [2021-05-24T06:21:58.538Z] [iam] checking project clone-3019c for permissions ["firebase.projects.get","firebasehosting.sites.update"]
[debug] [2021-05-24T06:21:58.540Z] > refreshing access token with scopes: ["email","https://www.googleapis.com/auth/cloud-platform","https://www.googleapis.com/auth/cloudplatformprojects.readonly","https://www.googleapis.com/auth/firebase","openid"]
[debug] [2021-05-24T06:21:58.541Z] >>> HTTP REQUEST POST https://www.googleapis.com/oauth2/v3/token  
 <request body omitted>
[debug] [2021-05-24T06:21:59.307Z] <<< HTTP RESPONSE 200 {"expires":"Mon, 01 Jan 1990 00:00:00 GMT","cache-control":"no-cache, no-store, max-age=0, must-revalidate","pragma":"no-cache","date":"Mon, 24 May 2021 06:22:00 GMT","content-type":"application/json; charset=utf-8","vary":"X-Origin, Referer, Origin,Accept-Encoding","server":"scaffolding on HTTPServer2","x-xss-protection":"0","x-frame-options":"SAMEORIGIN","x-content-type-options":"nosniff","alt-svc":"h3-29=\":443\"; ma=2592000,h3-T051=\":443\"; ma=2592000,h3-Q050=\":443\"; ma=2592000,h3-Q046=\":443\"; ma=2592000,h3-Q043=\":443\"; ma=2592000,quic=\":443\"; ma=2592000; v=\"46,43\"","accept-ranges":"none","transfer-encoding":"chunked"}
[debug] [2021-05-24T06:21:59.334Z] >>> HTTP REQUEST POST https://cloudresourcemanager.googleapis.com/v1/projects/clone-3019c:testIamPermissions  
 {"permissions":["firebase.projects.get","firebasehosting.sites.update"]}
[debug] [2021-05-24T06:22:01.249Z] <<< HTTP RESPONSE 200 {"content-type":"application/json; charset=UTF-8","vary":"X-Origin, Referer, Origin,Accept-Encoding","date":"Mon, 24 May 2021 06:22:02 GMT","server":"ESF","cache-control":"private","x-xss-protection":"0","x-frame-options":"SAMEORIGIN","x-content-type-options":"nosniff","server-timing":"gfet4t7; dur=1351","alt-svc":"h3-29=\":443\"; ma=2592000,h3-T051=\":443\"; ma=2592000,h3-Q050=\":443\"; ma=2592000,h3-Q046=\":443\"; ma=2592000,h3-Q043=\":443\"; ma=2592000,quic=\":443\"; ma=2592000; v=\"46,43\"","accept-ranges":"none","transfer-encoding":"chunked"}
[debug] [2021-05-24T06:22:01.250Z] > refreshing access token with scopes: []
[debug] [2021-05-24T06:22:01.250Z] >>> HTTP REQUEST POST https://www.googleapis.com/oauth2/v3/token  
 <request body omitted>
[debug] [2021-05-24T06:22:01.787Z] <<< HTTP RESPONSE 200 {"date":"Mon, 24 May 2021 06:22:02 GMT","pragma":"no-cache","expires":"Mon, 01 Jan 1990 00:00:00 GMT","cache-control":"no-cache, no-store, max-age=0, must-revalidate","content-type":"application/json; charset=utf-8","vary":"X-Origin, Referer, Origin,Accept-Encoding","server":"scaffolding on HTTPServer2","x-xss-protection":"0","x-frame-options":"SAMEORIGIN","x-content-type-options":"nosniff","alt-svc":"h3-29=\":443\"; ma=2592000,h3-T051=\":443\"; ma=2592000,h3-Q050=\":443\"; ma=2592000,h3-Q046=\":443\"; ma=2592000,h3-Q043=\":443\"; ma=2592000,quic=\":443\"; ma=2592000; v=\"46,43\"","accept-ranges":"none","transfer-encoding":"chunked"}
[debug] [2021-05-24T06:22:01.845Z] >>> [apiv2][query] GET https://firebase.googleapis.com/v1beta1/projects/clone-3019c [none]
[debug] [2021-05-24T06:22:02.908Z] <<< [apiv2][status] GET https://firebase.googleapis.com/v1beta1/projects/clone-3019c 200
[debug] [2021-05-24T06:22:02.908Z] <<< [apiv2][body] GET https://firebase.googleapis.com/v1beta1/projects/clone-3019c {"projectId":"clone-3019c","projectNumber":"854238058147","displayName":"amazon-clone","name":"projects/clone-3019c","resources":{"hostingSite":"clone-3019c","storageBucket":"clone-3019c.appspot.com","locationId":"asia-east2"},"state":"ACTIVE"}
[info] 
[info] === Deploying to 'clone-3019c'...
[info] 
[info] i  deploying hosting 
[debug] [2021-05-24T06:22:02.913Z] > refreshing access token with scopes: ["email","https://www.googleapis.com/auth/cloud-platform","https://www.googleapis.com/auth/cloudplatformprojects.readonly","https://www.googleapis.com/auth/firebase","openid"]
[debug] [2021-05-24T06:22:02.913Z] >>> HTTP REQUEST POST https://www.googleapis.com/oauth2/v3/token  
 <request body omitted>
[debug] [2021-05-24T06:22:03.402Z] <<< HTTP RESPONSE 200 {"pragma":"no-cache","expires":"Mon, 01 Jan 1990 00:00:00 GMT","cache-control":"no-cache, no-store, max-age=0, must-revalidate","date":"Mon, 24 May 2021 06:22:04 GMT","content-type":"application/json; charset=utf-8","vary":"X-Origin, Referer, Origin,Accept-Encoding","server":"scaffolding on HTTPServer2","x-xss-protection":"0","x-frame-options":"SAMEORIGIN","x-content-type-options":"nosniff","alt-svc":"h3-29=\":443\"; ma=2592000,h3-T051=\":443\"; ma=2592000,h3-Q050=\":443\"; ma=2592000,h3-Q046=\":443\"; ma=2592000,h3-Q043=\":443\"; ma=2592000,quic=\":443\"; ma=2592000; v=\"46,43\"","accept-ranges":"none","transfer-encoding":"chunked"}
[debug] [2021-05-24T06:22:03.457Z] >>> HTTP REQUEST POST https://firebasehosting.googleapis.com/v1beta1/sites/clone-3019c/versions  
 {"config":{"rewrites":[{"glob":"**","path":"/index.html"}]},"labels":{"deployment-tool":"cli-firebase"}}
[debug] [2021-05-24T06:22:05.660Z] <<< HTTP RESPONSE 200 {"content-type":"application/json; charset=UTF-8","vary":"X-Origin, Referer, Origin,Accept-Encoding","date":"Mon, 24 May 2021 06:22:06 GMT","server":"ESF","cache-control":"private","x-xss-protection":"0","x-frame-options":"SAMEORIGIN","x-content-type-options":"nosniff","alt-svc":"h3-29=\":443\"; ma=2592000,h3-T051=\":443\"; ma=2592000,h3-Q050=\":443\"; ma=2592000,h3-Q046=\":443\"; ma=2592000,h3-Q043=\":443\"; ma=2592000,quic=\":443\"; ma=2592000; v=\"46,43\"","accept-ranges":"none","transfer-encoding":"chunked"}
[info] i  hosting[clone-3019c]: beginning deploy... 
[info] i  hosting[clone-3019c]: found 18 files in build 
[debug] [2021-05-24T06:22:06.385Z] > refreshing access token with scopes: []
[debug] [2021-05-24T06:22:06.386Z] >>> HTTP REQUEST POST https://www.googleapis.com/oauth2/v3/token  
 <request body omitted>
[debug] [2021-05-24T06:22:06.387Z] [hosting] hash cache [YnVpbGQ] stored for 18 files
[debug] [2021-05-24T06:22:06.387Z] [hosting][hash queue][FINAL] {"max":707,"min":3,"avg":85.94444444444444,"active":0,"complete":18,"success":18,"errored":0,"retried":0,"total":18,"elapsed":714}
[debug] [2021-05-24T06:22:06.998Z] <<< HTTP RESPONSE 200 {"pragma":"no-cache","cache-control":"no-cache, no-store, max-age=0, must-revalidate","date":"Mon, 24 May 2021 06:22:08 GMT","expires":"Mon, 01 Jan 1990 00:00:00 GMT","content-type":"application/json; charset=utf-8","vary":"X-Origin, Referer, Origin,Accept-Encoding","server":"scaffolding on HTTPServer2","x-xss-protection":"0","x-frame-options":"SAMEORIGIN","x-content-type-options":"nosniff","alt-svc":"h3-29=\":443\"; ma=2592000,h3-T051=\":443\"; ma=2592000,h3-Q050=\":443\"; ma=2592000,h3-Q046=\":443\"; ma=2592000,h3-Q043=\":443\"; ma=2592000,quic=\":443\"; ma=2592000; v=\"46,43\"","accept-ranges":"none","transfer-encoding":"chunked"}
[debug] [2021-05-24T06:22:07.018Z] >>> [apiv2][query] POST https://firebasehosting.googleapis.com/v1beta1/sites/clone-3019c/versions/bdbdd55e8e69d7ad:populateFiles [none]
[debug] [2021-05-24T06:22:07.018Z] >>> [apiv2][body] POST https://firebasehosting.googleapis.com/v1beta1/sites/clone-3019c/versions/bdbdd55e8e69d7ad:populateFiles {"files":{"/favicon.ico":"eae62e993eb980ec8a25058c39d5a51feab118bd2100c4deebb2a9c158ec11f9\r","/logo192.png":"3ee59515172ee198f3be375979df15ac5345183e656720a381b8872b2a39dc8b\r","/logo512.png":"ee7e2f3fdb8209c4b6fd7bef6ba50d1b9dba30a25bb5c3126df057e1cb6f5331\r","/manifest.json":"aff3449bdc238776f5d6d967f19ec491b36aed5fb7f23ccff6500736fd58494a\r","/robots.txt":"bfe106a3fb878dc83461c86818bf74fc1bdc7f28538ba613cd3e775516ce8b49\r","/asset-manifest.json":"95f51c08246c8592b558211bf0be86b0e12a3898e48c5f186da5cbce6e273fa6","/index.html":"cee191c37f98b52417a0a60e5f1a79b986dde79a310c61b6c4bedeea0e568345","/static/css/main.ef4435fa.chunk.css":"e3ede3117d3578ff9713a7b6bcb3a81b7f2900c9f2129df734f9feff801879e1","/static/css/main.ef4435fa.chunk.css.map":"1cd165fe06259d91668fc252c9b43a5f186985154cbb576dad65d7da29039b05","/static/js/2.5c839828.chunk.js.LICENSE.txt":"2312bad32d362f6d6cf48f54219077fc34f54dcb7eeae10b1a74b95e3a2f5917","/static/js/3.4b41fbbb.chunk.js":"3465a61294defad0c7045ba834842d99097123196eeb4521a1fd6e24f0837701","/static/js/3.4b41fbbb.chunk.js.map":"ea8d30258bffe2f54668397585a1ebe11d3f6f6a4f5984fee4d17d5ed57e27a9","/static/js/main.9929c0b4.chunk.js":"6121c8a2a9422828e2daeb23bbb626e8185b4d1ba6f82dbf31f21c1482b4fc07","/static/js/runtime-main.154a7e3c.js":"0b35873d61bda1a2bf482c14180a70ab1dbab664a26887ff4ad37b64638cd31a","/static/js/main.9929c0b4.chunk.js.map":"eedd7ebfa132ad94d824f0d0fedee43f6c28d03c4b6f093073b12c140fafc825","/static/js/runtime-main.154a7e3c.js.map":"59d95cedc0a4efdfe47e6be2cbfb95b94b9fa31550a295c7ee59595b52555be3","/static/js/2.5c839828.chunk.js":"d26c83ee99bc3725ee169b706f4c39c76feb3bccbf356206ccdeb70911c0493a","/static/js/2.5c839828.chunk.js.map":"e5068aa9e33ec3c664dcb1b5844c06d8a0e52696e41f27fa19542962ef455fd7"}}
[debug] [2021-05-24T06:22:09.011Z] <<< [apiv2][status] POST https://firebasehosting.googleapis.com/v1beta1/sites/clone-3019c/versions/bdbdd55e8e69d7ad:populateFiles 200
[debug] [2021-05-24T06:22:09.011Z] <<< [apiv2][body] POST https://firebasehosting.googleapis.com/v1beta1/sites/clone-3019c/versions/bdbdd55e8e69d7ad:populateFiles {"uploadRequiredHashes":["59d95cedc0a4efdfe47e6be2cbfb95b94b9fa31550a295c7ee59595b52555be3","6121c8a2a9422828e2daeb23bbb626e8185b4d1ba6f82dbf31f21c1482b4fc07","cee191c37f98b52417a0a60e5f1a79b986dde79a310c61b6c4bedeea0e568345","d26c83ee99bc3725ee169b706f4c39c76feb3bccbf356206ccdeb70911c0493a","95f51c08246c8592b558211bf0be86b0e12a3898e48c5f186da5cbce6e273fa6","e3ede3117d3578ff9713a7b6bcb3a81b7f2900c9f2129df734f9feff801879e1","1cd165fe06259d91668fc252c9b43a5f186985154cbb576dad65d7da29039b05","ea8d30258bffe2f54668397585a1ebe11d3f6f6a4f5984fee4d17d5ed57e27a9","e5068aa9e33ec3c664dcb1b5844c06d8a0e52696e41f27fa19542962ef455fd7","3465a61294defad0c7045ba834842d99097123196eeb4521a1fd6e24f0837701","eedd7ebfa132ad94d824f0d0fedee43f6c28d03c4b6f093073b12c140fafc825","0b35873d61bda1a2bf482c14180a70ab1dbab664a26887ff4ad37b64638cd31a"],"uploadUrl":"https://upload-firebasehosting.googleapis.com/upload/sites/clone-3019c/versions/bdbdd55e8e69d7ad/files"}
[debug] [2021-05-24T06:22:09.014Z] >>> [apiv2][query] POST https://upload-firebasehosting.googleapis.com/upload/sites/clone-3019c/versions/bdbdd55e8e69d7ad/files/59d95cedc0a4efdfe47e6be2cbfb95b94b9fa31550a295c7ee59595b52555be3 [none]
[debug] [2021-05-24T06:22:09.014Z] >>> [apiv2][body] POST https://upload-firebasehosting.googleapis.com/upload/sites/clone-3019c/versions/bdbdd55e8e69d7ad/files/59d95cedc0a4efdfe47e6be2cbfb95b94b9fa31550a295c7ee59595b52555be3 [stream]
[debug] [2021-05-24T06:22:09.015Z] >>> [apiv2][query] POST https://upload-firebasehosting.googleapis.com/upload/sites/clone-3019c/versions/bdbdd55e8e69d7ad/files/6121c8a2a9422828e2daeb23bbb626e8185b4d1ba6f82dbf31f21c1482b4fc07 [none]
[debug] [2021-05-24T06:22:09.015Z] >>> [apiv2][body] POST https://upload-firebasehosting.googleapis.com/upload/sites/clone-3019c/versions/bdbdd55e8e69d7ad/files/6121c8a2a9422828e2daeb23bbb626e8185b4d1ba6f82dbf31f21c1482b4fc07 [stream]
[debug] [2021-05-24T06:22:09.016Z] >>> [apiv2][query] POST https://upload-firebasehosting.googleapis.com/upload/sites/clone-3019c/versions/bdbdd55e8e69d7ad/files/cee191c37f98b52417a0a60e5f1a79b986dde79a310c61b6c4bedeea0e568345 [none]
[debug] [2021-05-24T06:22:09.017Z] >>> [apiv2][body] POST https://upload-firebasehosting.googleapis.com/upload/sites/clone-3019c/versions/bdbdd55e8e69d7ad/files/cee191c37f98b52417a0a60e5f1a79b986dde79a310c61b6c4bedeea0e568345 [stream]
[debug] [2021-05-24T06:22:09.017Z] >>> [apiv2][query] POST https://upload-firebasehosting.googleapis.com/upload/sites/clone-3019c/versions/bdbdd55e8e69d7ad/files/d26c83ee99bc3725ee169b706f4c39c76feb3bccbf356206ccdeb70911c0493a [none]
[debug] [2021-05-24T06:22:09.017Z] >>> [apiv2][body] POST https://upload-firebasehosting.googleapis.com/upload/sites/clone-3019c/versions/bdbdd55e8e69d7ad/files/d26c83ee99bc3725ee169b706f4c39c76feb3bccbf356206ccdeb70911c0493a [stream]
[debug] [2021-05-24T06:22:09.018Z] >>> [apiv2][query] POST https://upload-firebasehosting.googleapis.com/upload/sites/clone-3019c/versions/bdbdd55e8e69d7ad/files/95f51c08246c8592b558211bf0be86b0e12a3898e48c5f186da5cbce6e273fa6 [none]
[debug] [2021-05-24T06:22:09.018Z] >>> [apiv2][body] POST https://upload-firebasehosting.googleapis.com/upload/sites/clone-3019c/versions/bdbdd55e8e69d7ad/files/95f51c08246c8592b558211bf0be86b0e12a3898e48c5f186da5cbce6e273fa6 [stream]
[debug] [2021-05-24T06:22:09.019Z] >>> [apiv2][query] POST https://upload-firebasehosting.googleapis.com/upload/sites/clone-3019c/versions/bdbdd55e8e69d7ad/files/e3ede3117d3578ff9713a7b6bcb3a81b7f2900c9f2129df734f9feff801879e1 [none]
[debug] [2021-05-24T06:22:09.019Z] >>> [apiv2][body] POST https://upload-firebasehosting.googleapis.com/upload/sites/clone-3019c/versions/bdbdd55e8e69d7ad/files/e3ede3117d3578ff9713a7b6bcb3a81b7f2900c9f2129df734f9feff801879e1 [stream]
[debug] [2021-05-24T06:22:09.020Z] >>> [apiv2][query] POST https://upload-firebasehosting.googleapis.com/upload/sites/clone-3019c/versions/bdbdd55e8e69d7ad/files/1cd165fe06259d91668fc252c9b43a5f186985154cbb576dad65d7da29039b05 [none]
[debug] [2021-05-24T06:22:09.020Z] >>> [apiv2][body] POST https://upload-firebasehosting.googleapis.com/upload/sites/clone-3019c/versions/bdbdd55e8e69d7ad/files/1cd165fe06259d91668fc252c9b43a5f186985154cbb576dad65d7da29039b05 [stream]
[debug] [2021-05-24T06:22:09.023Z] >>> [apiv2][query] POST https://upload-firebasehosting.googleapis.com/upload/sites/clone-3019c/versions/bdbdd55e8e69d7ad/files/ea8d30258bffe2f54668397585a1ebe11d3f6f6a4f5984fee4d17d5ed57e27a9 [none]
[debug] [2021-05-24T06:22:09.023Z] >>> [apiv2][body] POST https://upload-firebasehosting.googleapis.com/upload/sites/clone-3019c/versions/bdbdd55e8e69d7ad/files/ea8d30258bffe2f54668397585a1ebe11d3f6f6a4f5984fee4d17d5ed57e27a9 [stream]
[debug] [2021-05-24T06:22:09.024Z] >>> [apiv2][query] POST https://upload-firebasehosting.googleapis.com/upload/sites/clone-3019c/versions/bdbdd55e8e69d7ad/files/e5068aa9e33ec3c664dcb1b5844c06d8a0e52696e41f27fa19542962ef455fd7 [none]
[debug] [2021-05-24T06:22:09.024Z] >>> [apiv2][body] POST https://upload-firebasehosting.googleapis.com/upload/sites/clone-3019c/versions/bdbdd55e8e69d7ad/files/e5068aa9e33ec3c664dcb1b5844c06d8a0e52696e41f27fa19542962ef455fd7 [stream]
[debug] [2021-05-24T06:22:09.025Z] >>> [apiv2][query] POST https://upload-firebasehosting.googleapis.com/upload/sites/clone-3019c/versions/bdbdd55e8e69d7ad/files/3465a61294defad0c7045ba834842d99097123196eeb4521a1fd6e24f0837701 [none]
[debug] [2021-05-24T06:22:09.025Z] >>> [apiv2][body] POST https://upload-firebasehosting.googleapis.com/upload/sites/clone-3019c/versions/bdbdd55e8e69d7ad/files/3465a61294defad0c7045ba834842d99097123196eeb4521a1fd6e24f0837701 [stream]
[debug] [2021-05-24T06:22:09.026Z] >>> [apiv2][query] POST https://upload-firebasehosting.googleapis.com/upload/sites/clone-3019c/versions/bdbdd55e8e69d7ad/files/eedd7ebfa132ad94d824f0d0fedee43f6c28d03c4b6f093073b12c140fafc825 [none]
[debug] [2021-05-24T06:22:09.026Z] >>> [apiv2][body] POST https://upload-firebasehosting.googleapis.com/upload/sites/clone-3019c/versions/bdbdd55e8e69d7ad/files/eedd7ebfa132ad94d824f0d0fedee43f6c28d03c4b6f093073b12c140fafc825 [stream]
[debug] [2021-05-24T06:22:09.026Z] >>> [apiv2][query] POST https://upload-firebasehosting.googleapis.com/upload/sites/clone-3019c/versions/bdbdd55e8e69d7ad/files/0b35873d61bda1a2bf482c14180a70ab1dbab664a26887ff4ad37b64638cd31a [none]
[debug] [2021-05-24T06:22:09.026Z] >>> [apiv2][body] POST https://upload-firebasehosting.googleapis.com/upload/sites/clone-3019c/versions/bdbdd55e8e69d7ad/files/0b35873d61bda1a2bf482c14180a70ab1dbab664a26887ff4ad37b64638cd31a [stream]
[debug] [2021-05-24T06:22:09.027Z] [hosting][populate queue][FINAL] {"max":2629,"min":2629,"avg":2629,"active":0,"complete":1,"success":1,"errored":0,"retried":0,"total":1,"elapsed":2642}
[debug] [2021-05-24T06:22:09.027Z] [hosting] uploads queued: 12
